<?xml version="1.0" encoding="UTF-8" standalone="no"?>
<!DOCTYPE log SYSTEM "logger.dtd">
<log>
<record>
  <date>2023-03-25T23:30:01.601853600Z</date>
  <millis>1679787001601</millis>
  <nanos>853600</nanos>
  <sequence>0</sequence>
  <logger>src.Main</logger>
  <level>INFO</level>
  <class>src.LoggerCalc</class>
  <method>&lt;init&gt;</method>
  <thread>1</thread>
  <message>Calculator's has started</message>
</record>
<record>
  <date>2023-03-25T23:30:05.259842600Z</date>
  <millis>1679787005259</millis>
  <nanos>842600</nanos>
  <sequence>1</sequence>
  <logger>src.Main</logger>
  <level>INFO</level>
  <class>src.MainMenu</class>
  <method>menu</method>
  <thread>1</thread>
  <message>Incorrect choice of numbers type</message>
</record>
<record>
  <date>2023-03-25T23:30:23.953780700Z</date>
  <millis>1679787023953</millis>
  <nanos>780700</nanos>
  <sequence>2</sequence>
  <logger>src.Main</logger>
  <level>INFO</level>
  <class>src.MenuCalc</class>
  <method>menuCalc</method>
  <thread>1</thread>
  <message>3/7 &gt; 2/5</message>
</record>
<record>
  <date>2023-03-25T23:30:28.733452600Z</date>
  <millis>1679787028733</millis>
  <nanos>452600</nanos>
  <sequence>3</sequence>
  <logger>src.Main</logger>
  <level>INFO</level>
  <class>src.MenuCalc</class>
  <method>menuCalc</method>
  <thread>1</thread>
  <message>Incorrect choice in the calculator menu</message>
</record>
<record>
  <date>2023-03-25T23:30:40.573364400Z</date>
  <millis>1679787040573</millis>
  <nanos>364400</nanos>
  <sequence>4</sequence>
  <logger>src.Main</logger>
  <level>INFO</level>
  <class>src.MenuCalc</class>
  <method>menuCalc</method>
  <thread>1</thread>
  <message>Incorrect choice in the calculator menu</message>
</record>
<record>
  <date>2023-03-25T23:30:51.982696600Z</date>
  <millis>1679787051982</millis>
  <nanos>696600</nanos>
  <sequence>5</sequence>
  <logger>src.Main</logger>
  <level>INFO</level>
  <class>src.MenuCalc</class>
  <method>menuCalc</method>
  <thread>1</thread>
  <message>(2.0) ^ 5 = 32.0</message>
</record>
<record>
  <date>2023-03-25T23:31:08.062424500Z</date>
  <millis>1679787068062</millis>
  <nanos>424500</nanos>
  <sequence>6</sequence>
  <logger>src.Main</logger>
  <level>INFO</level>
  <class>src.MenuCalc</class>
  <method>menuCalc</method>
  <thread>1</thread>
  <message>Zero Division Error, try again</message>
</record>
<record>
  <date>2023-03-25T23:31:14.305203500Z</date>
  <millis>1679787074305</millis>
  <nanos>203500</nanos>
  <sequence>7</sequence>
  <logger>src.Main</logger>
  <level>INFO</level>
  <class>src.MenuCalc</class>
  <method>menuCalc</method>
  <thread>1</thread>
  <message>(500.0)/(5.0) = 100.0</message>
</record>
<record>
  <date>2023-03-25T23:31:21.558105Z</date>
  <millis>1679787081558</millis>
  <nanos>105000</nanos>
  <sequence>8</sequence>
  <logger>src.Main</logger>
  <level>INFO</level>
  <class>src.MenuCalc</class>
  <method>menuCalc</method>
  <thread>1</thread>
  <message>Incorrect choice in the calculator menu</message>
</record>
<record>
  <date>2023-03-25T23:31:25.691548400Z</date>
  <millis>1679787085691</millis>
  <nanos>548400</nanos>
  <sequence>9</sequence>
  <logger>src.Main</logger>
  <level>INFO</level>
  <class>src.MainMenu</class>
  <method>menu</method>
  <thread>1</thread>
  <message>Calculator has stopped</message>
</record>
</log>
